Log file open, 12/22/23 20:53:41
LogICUInternationalization: ICU TimeZone Detection - Raw Offset: +1:00, Platform Override: ''
LogInit: ExecutableName: CrashReportClient
LogInit: Build: UE5-CL-0
LogInit: Engine Version: 5.3.1-0+UE5
LogInit: Compatible Engine Version: 5.3.0-0+UE5
LogInit: Net CL: 26909020
LogInit: OS: Arch Linux (6.6.6-zen1-1-zen), CPU: Intel(R) Core(TM) i9-9900K CPU @ 3.60GHz, GPU: UnknownVendor
LogInit: Compiled (64-bit): Nov  7 2023 03:41:45
LogInit: Architecture: x64
LogInit: Compiled with Clang: 16.0.6 (github.com/llvm/llvm-project 7cbf1a2591520c2491aa35339f227775f4d3adf6)
LogInit: Build Configuration: Shipping
LogInit: Branch Name: UE5
LogInit: Command Line:  -Abslog="/home/micle/College/Year-4/Semester-1/GameDevelopment/Group10Project/Saved/Logs/Group10Project-CRC.log" -Unattended "/home/micle/College/Year-4/Semester-1/GameDevelopment/Group10Project/Saved/Crashes/stallinfo-Group10Project-pid-194414-2FC32EC2876446DA8C6180F1A0CB6EE6/"
LogInit: Base Directory: /home/micle/Programs/UnrealEngine/Engine/Binaries/Linux/
LogInit: Allocator: Mimalloc
LogInit: Installed Engine Build: 1
LogInit: This binary is optimized with LTO: no, PGO: no, instrumented for PGO data collection: no
LogInit: Presizing for max 100000 objects, including 0 objects not considered by GC, pre-allocating 0 bytes for permanent pool.
LogInit: Object subsystem initialized
LogConfig: Applying CVar settings from Section [ConsoleVariables] File [Engine]
[2023.12.22-20.53.41:797][  0]LogInit: Unix hardware info:
[2023.12.22-20.53.41:797][  0]LogInit:  - we are the first instance of this executable
[2023.12.22-20.53.41:797][  0]LogInit:  - this process' id (pid) is 195207, parent process' id (ppid) is 194414
[2023.12.22-20.53.41:797][  0]LogInit:  - we are not running under debugger
[2023.12.22-20.53.41:797][  0]LogInit:  - machine network name is 'micle-pc'
[2023.12.22-20.53.41:797][  0]LogInit:  - user name is 'micle' (micle)
[2023.12.22-20.53.41:797][  0]LogInit:  - we're logged in locally
[2023.12.22-20.53.41:797][  0]LogInit:  - we're running with rendering
[2023.12.22-20.53.41:797][  0]LogInit:  - CPU: GenuineIntel 'Intel(R) Core(TM) i9-9900K CPU @ 3.60GHz' (signature: 0x906ED)
[2023.12.22-20.53.41:797][  0]LogInit:  - Number of physical cores available for the process: 8
[2023.12.22-20.53.41:797][  0]LogInit:  - Number of logical cores available for the process: 16
[2023.12.22-20.53.41:797][  0]LogInit:  - GPU Brand Info: UnknownVendor
[2023.12.22-20.53.41:797][  0]LogInit:  - Memory allocator used: Mimalloc
[2023.12.22-20.53.41:797][  0]LogInit:  - This is an internal build.
[2023.12.22-20.53.41:797][  0]LogCore: Skipped benchmarking clocks because the engine is running in a standalone program mode - CLOCK_MONOTONIC will be used.
[2023.12.22-20.53.41:797][  0]LogInit: Unix-specific commandline switches:
[2023.12.22-20.53.41:797][  0]LogInit:  -ansimalloc - use malloc()/free() from libc (useful for tools like valgrind and electric fence)
[2023.12.22-20.53.41:797][  0]LogInit:  -jemalloc - use jemalloc for all memory allocation
[2023.12.22-20.53.41:797][  0]LogInit:  -binnedmalloc - use binned malloc  for all memory allocation
[2023.12.22-20.53.41:797][  0]LogInit:  -filemapcachesize=NUMBER - set the size for case-sensitive file mapping cache
[2023.12.22-20.53.41:797][  0]LogInit:  -useksm - uses kernel same-page mapping (KSM) for mapped memory (OFF)
[2023.12.22-20.53.41:797][  0]LogInit:  -ksmmergeall - marks all mmap'd memory pages suitable for KSM (OFF)
[2023.12.22-20.53.41:797][  0]LogInit:  -preloadmodulesymbols - Loads the main module symbols file into memory (OFF)
[2023.12.22-20.53.41:797][  0]LogInit:  -sigdfl=SIGNAL - Allows a specific signal to be set to its default handler rather then ignoring the signal
[2023.12.22-20.53.41:797][  0]LogInit:  -crashhandlerstacksize - Allows setting crash handler stack sizes (204800)
[2023.12.22-20.53.41:797][  0]LogInit:  -noexclusivelockonwrite - disables marking files created by the engine as exclusive locked while the engine has them opened
[2023.12.22-20.53.41:797][  0]LogInit:  -httpproxy=ADDRESS:PORT - redirects HTTP requests to a proxy (only supported if compiled with libcurl)
[2023.12.22-20.53.41:797][  0]LogInit:  -reuseconn - allow libcurl to reuse HTTP connections (only matters if compiled with libcurl)
[2023.12.22-20.53.41:797][  0]LogInit:  -virtmemkb=NUMBER - sets process virtual memory (address space) limit (overrides VirtualMemoryLimitInKB value from .ini)
[2023.12.22-20.53.41:797][  0]LogInit:  -allowsyscallfilterfile=PATH_TO_FILE - sets up a system call filter allow list. any invalid syscall in this list *will* cause a crash
[2023.12.22-20.53.41:797][  0]LogInit:  - Physical RAM available (not considering process quota): 32 GB (32030 MB, 32798928 KB, 33586102272 bytes)
[2023.12.22-20.53.41:797][  0]LogInit:  - VirtualMemoryAllocator pools will grow at scale 1.4
[2023.12.22-20.53.41:797][  0]LogInit:  - MemoryRangeDecommit() will be a no-op (re-run with -vmapoolevict to change)
[2023.12.22-20.53.41:797][  0]LogInit:  - PageSize 4096
[2023.12.22-20.53.41:797][  0]LogInit:  - BinnedPageSize 65536
[2023.12.22-20.53.41:800][  0]LogUObjectArray: 434 objects as part of root set at end of initial load.
[2023.12.22-20.53.41:800][  0]LogUObjectAllocator: 90616 out of 0 bytes used by permanent object pool.
[2023.12.22-20.53.41:800][  0]LogUObjectArray: CloseDisregardForGC: 0/0 objects in disregard for GC pool
[2023.12.22-20.53.41:800][  0]LogInit: Using OS detected language (en-US).
[2023.12.22-20.53.41:800][  0]LogInit: Using OS detected locale (en-US).
[2023.12.22-20.53.41:800][  0]LogTextLocalizationManager: No specific localization for 'en-US' exists, so 'en' will be used for the language.
[2023.12.22-20.53.41:822][  0]LogInit: Using OS detected language (en-US).
[2023.12.22-20.53.41:822][  0]LogInit: Using OS detected locale (en-US).
[2023.12.22-20.53.41:822][  0]LogTextLocalizationManager: No localization for 'en-US' exists, so 'en' will be used for the language.
[2023.12.22-20.53.41:822][  0]LogTextLocalizationManager: No localization for 'en-US' exists, so 'en' will be used for the locale.
[2023.12.22-20.53.41:822][  0]LogPackageLocalizationCache: Processed 2 localized package path(s) for 1 prioritized culture(s) in 0.000029 seconds
[2023.12.22-20.53.41:822][  0]CrashReportCoreLog: CrashReportClientVersion=1.0
[2023.12.22-20.53.41:822][  0]CrashReportCoreLog: CrashReportReceiver disabled
[2023.12.22-20.53.41:822][  0]CrashReportCoreLog: DataRouterUrl: https://datarouter.ol.epicgames.com/datarouter/api/v1/public/data
[2023.12.22-20.53.41:824][  0]CrashReportCoreLog: Initial state = Unknown UploadState value
[2023.12.22-20.53.41:824][  0]CrashReportCoreLog: Initial state = Unknown UploadState value
[2023.12.22-20.53.41:824][  0]LogCrashDebugHelper: DepotName: UE5
[2023.12.22-20.53.41:824][  0]LogCrashDebugHelper: BuiltFromCL: 0
[2023.12.22-20.53.41:824][  0]LogCrashDebugHelper: EngineVersion: 5.3.1-0+UE5
[2023.12.22-20.53.41:824][  0]LogCrashDebugHelper: BuildVersion: UE5-CL-0
[2023.12.22-20.53.42:794][  0]CrashReportCoreLog: Got 4 pending files to upload from 'stallinfo-Group10Project-pid-194414-2FC32EC2876446DA8C6180F1A0CB6EE6'
[2023.12.22-20.53.42:794][  0]CrashReportCoreLog: State change from Ready to SendingFiles
[2023.12.22-20.53.42:794][  0]CrashReportCoreLog: CompressAndSendData have 4 pending files
[2023.12.22-20.53.42:794][  0]CrashReportCoreLog: CompressAndSendData compressing 11807 bytes ('/home/micle/College/Year-4/Semester-1/GameDevelopment/Group10Project/Saved/Crashes/stallinfo-Group10Project-pid-194414-2FC32EC2876446DA8C6180F1A0CB6EE6/Diagnostics.txt')
[2023.12.22-20.53.42:794][  0]CrashReportCoreLog: CompressAndSendData compressing 43703 bytes ('/home/micle/College/Year-4/Semester-1/GameDevelopment/Group10Project/Saved/Crashes/stallinfo-Group10Project-pid-194414-2FC32EC2876446DA8C6180F1A0CB6EE6/CrashContext.runtime-xml')
[2023.12.22-20.53.42:795][  0]CrashReportCoreLog: CompressAndSendData compressing 174193 bytes ('/home/micle/College/Year-4/Semester-1/GameDevelopment/Group10Project/Saved/Crashes/stallinfo-Group10Project-pid-194414-2FC32EC2876446DA8C6180F1A0CB6EE6/Group10Project.log')
[2023.12.22-20.53.42:795][  0]CrashReportCoreLog: CompressAndSendData compressing 179 bytes ('/home/micle/College/Year-4/Semester-1/GameDevelopment/Group10Project/Saved/Crashes/stallinfo-Group10Project-pid-194414-2FC32EC2876446DA8C6180F1A0CB6EE6/CrashReportClient.ini')
[2023.12.22-20.53.42:817][  0]LogInit: Using libcurl 7.83.1
[2023.12.22-20.53.42:817][  0]LogInit:  - built for Linux
[2023.12.22-20.53.42:817][  0]LogInit:  - supports SSL with OpenSSL/1.1.1t
[2023.12.22-20.53.42:817][  0]LogInit:  - supports HTTP deflate (compression) using libz 1.2.13
[2023.12.22-20.53.42:817][  0]LogInit:  - other features:
[2023.12.22-20.53.42:817][  0]LogInit:      CURL_VERSION_SSL
[2023.12.22-20.53.42:817][  0]LogInit:      CURL_VERSION_LIBZ
[2023.12.22-20.53.42:817][  0]LogInit:      CURL_VERSION_IPV6
[2023.12.22-20.53.42:817][  0]LogInit:      CURL_VERSION_ASYNCHDNS
[2023.12.22-20.53.42:817][  0]LogInit:      CURL_VERSION_LARGEFILE
[2023.12.22-20.53.42:817][  0]LogInit:  CurlRequestOptions (configurable via config and command line):
[2023.12.22-20.53.42:817][  0]LogInit:  - bVerifyPeer = false  - Libcurl will NOT verify peer certificate
[2023.12.22-20.53.42:817][  0]LogInit:  - bUseHttpProxy = false  - Libcurl will NOT use HTTP proxy
[2023.12.22-20.53.42:817][  0]LogInit:  - bDontReuseConnections = false  - Libcurl will reuse connections
[2023.12.22-20.53.42:817][  0]LogInit:  - MaxHostConnections = 16  - Libcurl will limit the number of connections to a host
[2023.12.22-20.53.42:817][  0]LogInit:  - LocalHostAddr = Default
[2023.12.22-20.53.42:817][  0]LogInit:  - BufferSize = 65536
[2023.12.22-20.53.42:817][  0]CrashReportCoreLog: Sending HTTP request: https://datarouter.ol.epicgames.com/datarouter/api/v1/public/data?AppID=CrashReporter&AppVersion=5.3.1-0%2BUE5&AppEnvironment=Release&UploadType=crashreports&UserID=1c26d1ada30344cc9190a3de0544a27f-000003e8%7C%7C1c26d1ada30344cc9190a3de0544a27f
[2023.12.22-20.53.43:395][  0]CrashReportCoreLog: OnProcessRequestComplete(), State=SendingFiles bSucceeded=1
[2023.12.22-20.53.43:395][  0]CrashReportCoreLog: State change from SendingFiles to SendingFiles
[2023.12.22-20.53.43:395][  0]CrashReportCoreLog: All uploads done
[2023.12.22-20.53.43:395][  0]CrashReportCoreLog: State change from SendingFiles to Finished
[2023.12.22-20.53.43:829][  0]CrashReportCoreLog: Final state (Receiver) = Finished
[2023.12.22-20.53.43:829][  0]CrashReportCoreLog: Final state (Receiver) = Unknown UploadState value
[2023.12.22-20.53.43:829][  0]LogCore: Engine exit requested (reason: CrashReportClientApp RequestExit)
[2023.12.22-20.53.43:829][  0]LogExit: Preparing to exit.
[2023.12.22-20.53.43:830][  0]LogExit: Object subsystem successfully closed.
[2023.12.22-20.53.43:830][  0]LogModuleManager: Shutting down and abandoning module HTTP (12)
[2023.12.22-20.53.43:850][  0]LogModuleManager: Shutting down and abandoning module SSL (11)
[2023.12.22-20.53.43:851][  0]LogModuleManager: Shutting down and abandoning module CrashDebugHelper (8)
[2023.12.22-20.53.43:851][  0]LogModuleManager: Shutting down and abandoning module CoreUObject (6)
[2023.12.22-20.53.43:851][  0]LogModuleManager: Shutting down and abandoning module PakFile (4)
[2023.12.22-20.53.43:851][  0]LogPakFile: Destroying PakPlatformFile
[2023.12.22-20.53.43:851][  0]LogModuleManager: Shutting down and abandoning module RSA (3)
[2023.12.22-20.53.43:852][  0]LogExit: Exiting.
[2023.12.22-20.53.43:859][  0]Log file closed, 12/22/23 20:53:43
